2025-12-03 01:21:05,625 - INFO - 🚀 Backend TutorIA iniciado correctamente
2025-12-03 02:50:48,326 - INFO - 🚀 Backend TutorIA iniciado correctamente
2025-12-03 03:26:34,134 - INFO - 🚀 Backend TutorIA iniciado correctamente
2025-12-03 05:28:35,305 - INFO - 🚀 Backend TutorIA iniciado correctamente
2025-12-03 13:07:35,155 - INFO - 🚀 Backend TutorIA iniciado correctamente
2025-12-03 14:25:50,595 - INFO - 🚀 Backend TutorIA iniciado correctamente
2025-12-03 14:39:39,207 - INFO - 🚀 Backend TutorIA iniciado correctamente
2025-12-03 14:57:56,823 - INFO - 🚀 Backend TutorIA iniciado correctamente
2025-12-03 16:06:37,977 - INFO - 🚀 Backend TutorIA iniciado correctamente
2025-12-04 00:46:54,410 - INFO - 🚀 Backend TutorIA iniciado correctamente
2025-12-04 01:02:07,835 - INFO - 🚀 Backend TutorIA iniciado correctamente
2025-12-04 01:39:42,601 - INFO - 🚀 Backend TutorIA iniciado correctamente
2025-12-04 01:44:47,790 - INFO - 🚀 Backend TutorIA iniciado correctamente
2025-12-04 01:53:51,664 - INFO - 🚀 Backend TutorIA iniciado correctamente
2025-12-04 02:02:30,891 - INFO - 🚀 Backend TutorIA iniciado correctamente
2025-12-04 03:12:28,998 - INFO - 🚀 Backend TutorIA iniciado correctamente
2025-12-04 03:24:11,605 - INFO - 🚀 Backend TutorIA iniciado correctamente
2025-12-04 03:58:05,391 - INFO - 🚀 Backend TutorIA iniciado correctamente
2025-12-04 04:28:40,195 - INFO - 🚀 Backend TutorIA iniciado correctamente
2025-12-04 12:51:03,307 - INFO - 🚀 Backend TutorIA iniciado correctamente
2025-12-04 13:37:26,462 - INFO - 🚀 Backend TutorIA iniciado correctamente
2025-12-04 13:56:44,396 - INFO - 🚀 Backend TutorIA iniciado correctamente
2025-12-04 14:11:32,800 - INFO - 🚀 Backend TutorIA iniciado correctamente
2025-12-04 14:21:40,894 - INFO - 🚀 Backend TutorIA iniciado correctamente
2025-12-04 14:27:51,429 - INFO - 🚀 Backend TutorIA iniciado correctamente
2025-12-04 14:34:02,145 - INFO - 🚀 Backend TutorIA iniciado correctamente
2025-12-04 15:26:50,509 - INFO - 🚀 Backend TutorIA iniciado correctamente
2025-12-04 16:00:52,134 - INFO - 🚀 Backend TutorIA iniciado correctamente
2025-12-04 16:23:53,352 - INFO - 🚀 Backend TutorIA iniciado correctamente
2025-12-05 14:32:39,313 - INFO - 🚀 Backend TutorIA iniciado correctamente
2025-12-05 16:27:24,333 - INFO - 🚀 Backend TutorIA iniciado correctamente
2025-12-05 16:54:59,996 - INFO - 🚀 Backend TutorIA iniciado correctamente
2025-12-05 17:15:08,407 - INFO - 🚀 Backend TutorIA iniciado correctamente
2025-12-06 00:52:33,567 - INFO - 🚀 Backend TutorIA iniciado correctamente
2025-12-06 01:16:24,026 - INFO - 🚀 Backend TutorIA iniciado correctamente
2025-12-06 01:32:10,141 - INFO - 🚀 Backend TutorIA iniciado correctamente
2025-12-06 01:34:43,574 - INFO - 🚀 Backend TutorIA iniciado correctamente
2025-12-06 01:42:32,148 - INFO - 🚀 Backend TutorIA iniciado correctamente
2025-12-06 01:54:52,647 - INFO - 🚀 Backend TutorIA iniciado correctamente
2025-12-06 01:59:47,717 - INFO - 🚀 Backend TutorIA iniciado correctamente
2025-12-07 02:27:37,064 - INFO - 🚀 Backend TutorIA iniciado correctamente
2025-12-07 02:28:52,497 - INFO - 🚀 Backend TutorIA iniciado correctamente
2025-12-07 04:34:39,186 - INFO - 🚀 Backend TutorIA iniciado correctamente
2025-12-07 21:48:46,349 - INFO - 🚀 Backend TutorIA iniciado correctamente
2025-12-08 00:16:34,576 - INFO - 🚀 Backend TutorIA iniciado correctamente
2025-12-08 00:41:13,491 - INFO - 🚀 Backend TutorIA iniciado correctamente
2025-12-08 01:02:38,183 - INFO - 🚀 Backend TutorIA iniciado correctamente
2025-12-08 01:42:17,550 - INFO - 🚀 Backend TutorIA iniciado correctamente
2025-12-08 02:32:58,213 - INFO - 🚀 Backend TutorIA iniciado correctamente
2025-12-08 03:44:26,878 - INFO - 🚀 Backend TutorIA iniciado correctamente
2025-12-08 13:30:08,502 - INFO - Cargando modelo PHI-3 Mini...
2025-12-08 14:11:27,423 - INFO - Cargando modelo FLAN-T5-Small...
2025-12-08 14:12:52,564 - INFO - Modelo cargado correctamente en CPU.
2025-12-08 14:12:53,542 - INFO - 🚀 Backend TutorIA iniciado correctamente
2025-12-08 14:17:12,585 - INFO - Generando actividades IA para contenido_id=2
2025-12-08 14:18:03,343 - ERROR - ❌ Error procesando JSON generado: substring not found
2025-12-08 14:18:03,345 - ERROR - Texto recibido:  "Titulo": "Actividad generada por IA", "descripcion": "Actividad de comprensión lectora", "preguntas": [ "tipo": "multiple_choice", "pregunta": "pregunta": "pregunta": "pregunta": "pregunta": "pregunta": "pregunta": "pregunta": "pregunta": "pregunta": "pregunta": "pregunta": "pregunta": "pregunta": "pregunta": "pregunta": "pregunta": "pregunta": "pregunta": "pregunta": "pregunta": "pregunta": "pregunta": "pregunta": "pregunta": "pregunta": "pregunta": "pregunta": "pregunta": "pregunta": "pregunta": "pregunta": "pregunta": "pregunta": "pregunta": "pregunta": "pregunta": "pregunta": "pregunta": "pregunta": "pregunta": "pregunta": "pregunta": "pregunta": "pregunta": "pregunta": "pregunta": "pregunta": "pregunta": "pregunta": "pregunta": "pregunta": "pregunta": "pregunta": "pregunta": "pregunta": "pregunta": "pregunta": "pregunta": "pregunta": "pregunta": "pregunta": "pregunta": "pregunta": "pregunta": "pregunta": "pregunta": "pregunta": "pregunta": "pregunta": "pregunta": "pregunta": "pregunta": "pregunta": "pregunta": "pregunta": "pregunta": "pregunta": "pregunta": "pregunta": "pregunta": "pregunta": "pregunta": "pregunta": "pregunta": "pregunta": "pregunta": "pregunta": "pregunta": "pregunta": "
2025-12-08 14:24:22,948 - INFO - Generando actividades IA para contenido_id=2
2025-12-08 14:25:16,924 - ERROR - ❌ Error procesando JSON generado: substring not found
2025-12-08 14:25:16,978 - ERROR - Texto recibido:  "Titulo": "Actividad generada por IA", "descripcion": "Actividad de comprensión lectora", "preguntas": [ "tipo": "multiple_choice", "pregunta": "pregunta": "pregunta": "pregunta": "pregunta": "pregunta": "pregunta": "pregunta": "pregunta": "pregunta": "pregunta": "pregunta": "pregunta": "pregunta": "pregunta": "pregunta": "pregunta": "pregunta": "pregunta": "pregunta": "pregunta": "pregunta": "pregunta": "pregunta": "pregunta": "pregunta": "pregunta": "pregunta": "pregunta": "pregunta": "pregunta": "pregunta": "pregunta": "pregunta": "pregunta": "pregunta": "pregunta": "pregunta": "pregunta": "pregunta": "pregunta": "pregunta": "pregunta": "pregunta": "pregunta": "pregunta": "pregunta": "pregunta": "pregunta": "pregunta": "pregunta": "pregunta": "pregunta": "pregunta": "pregunta": "pregunta": "pregunta": "pregunta": "pregunta": "pregunta": "pregunta": "pregunta": "pregunta": "pregunta": "pregunta": "pregunta": "pregunta": "pregunta": "pregunta": "pregunta": "pregunta": "pregunta": "pregunta": "pregunta": "pregunta": "pregunta": "pregunta": "pregunta": "pregunta": "pregunta": "pregunta": "pregunta": "pregunta": "pregunta": "pregunta": "pregunta": "pregunta": "pregunta": "pregunta": "pregunta": "
2025-12-08 14:57:33,717 - INFO - Cargando modelo FLAN-T5-Small...
2025-12-08 14:57:38,007 - INFO - Modelo cargado correctamente en CPU.
2025-12-08 14:57:38,579 - INFO - 🚀 Backend TutorIA iniciado correctamente
2025-12-08 14:58:21,946 - INFO - Generando actividades IA para contenido_id=2
2025-12-08 14:59:03,587 - ERROR - ❌ Error procesando JSON generado: substring not found
2025-12-08 14:59:03,587 - ERROR - Texto recibido: AGENDA NICAMENTE NICAMENTE NICAMENTE NICAMENTE NICAMENTE NICAMENTE NICAMENTE NICAMENTE NICAMENTE NICAMENTE NICAMENTE NICAMENTE NICAMENTE NICAMENTE NICAMENTE NICAMENTE NICAMENTE NICAMENTE NICAMENTE NICAMENTE NICAMENTE NICAMENTE NICAMENTE NICAMENTE NICAMENTE NICAMENTE NICAMENTE NICAMENTE NICAMENTE NICAMENTE NICAMENTE NICAMENTE NICAMENTE NICAMENTE NICAMENTE NICAMENTE NICAMENTE NICAMENTE NICAMENTE NICAMENTE NICAMENTE NICAMENTE NICAMENTE NICAMENTE NICAMENTE NICAMENTE NICAMENTE NICAMENTE NICAMENTE NICAMENTE NICAMENTE NICAMENTE NICAMENTE NICAMENTE NICAMENTE NICAMENTE NICAMENTE NICAMENTE NICAMENTE NICAMENTE NICAMENTE NICAMENTE NICAMENTE NICAMENTE NICAMENTE NICAMENTE NICAMENTE NICAMENTE NICAMENTE NICAMENTE NICAMENTE NICAMENTE NICAMENTE NICAMENTE NICAMENTE NICAMENTE NICAMENTE NICAMENTE NICAMENTE NICAMENTE NICAMENTE NICAMENTE NICAMENTE NICAMENTE NICAMENTE NICAMENTE NICAMENTE NICAMENTE NICAMENTE NICAMENTE NICAMENTE NICAMENTE NICAMENTE NICAMENTE NICAMENTE NICAMENTE NICAMENTE NICAMENTE NICAMENTE NIC
2025-12-08 15:42:00,073 - INFO - Generando actividades IA para contenido_id=3
2025-12-08 15:44:30,941 - ERROR - ❌ Error procesando JSON generado: substring not found
2025-12-08 15:44:31,049 - ERROR - Texto recibido: AGENDA NICAMENTE NICAMENTE NICAMENTE NICAMENTE NICAMENTE NICAMENTE NICAMENTE NICAMENTE NICAMENTE NICAMENTE NICAMENTE NICAMENTE NICAMENTE NICAMENTE NICAMENTE NICAMENTE NICAMENTE NICAMENTE NICAMENTE NICAMENTE NICAMENTE NICAMENTE NICAMENTE NICAMENTE NICAMENTE NICAMENTE NICAMENTE NICAMENTE NICAMENTE NICAMENTE NICAMENTE NICAMENTE NICAMENTE NICAMENTE NICAMENTE NICAMENTE NICAMENTE NICAMENTE NICAMENTE NICAMENTE NICAMENTE NICAMENTE NICAMENTE NICAMENTE NICAMENTE NICAMENTE NICAMENTE NICAMENTE NICAMENTE NICAMENTE NICAMENTE NICAMENTE NICAMENTE NICAMENTE NICAMENTE NICAMENTE NICAMENTE NICAMENTE NICAMENTE NICAMENTE NICAMENTE NICAMENTE NICAMENTE NICAMENTE NICAMENTE NICAMENTE NICAMENTE NICAMENTE NICAMENTE NICAMENTE NICAMENTE NICAMENTE NICAMENTE NICAMENTE NICAMENTE NICAMENTE NICAMENTE NICAMENTE NICAMENTE NICAMENTE NICAMENTE NICAMENTE NICAMENTE NICAMENTE NICAMENTE NICAMENTE NICAMENTE NICAMENTE NICAMENTE NICAMENTE NICAMENTE NICAMENTE NICAMENTE NICAMENTE NICAMENTE NICAMENTE NICAMENTE NICAMENTE NICAMENTE NIC
2025-12-08 16:56:04,086 - INFO - Cargando modelo FLAN-T5-Small...
2025-12-08 16:56:10,158 - INFO - Modelo cargado correctamente en CPU.
2025-12-08 16:56:12,291 - INFO - 🚀 Backend TutorIA iniciado correctamente
2025-12-08 17:36:22,981 - INFO - Cargando modelo FLAN-T5-Small...
2025-12-08 17:36:32,887 - INFO - Modelo cargado correctamente en CPU.
2025-12-08 17:36:34,246 - INFO - 🚀 Backend TutorIA iniciado correctamente
2025-12-09 00:45:55,975 - INFO - Cargando modelo FLAN-T5-Small...
2025-12-09 00:45:59,482 - INFO - Modelo cargado correctamente en CPU.
2025-12-09 00:45:59,861 - INFO - 🚀 Backend TutorIA iniciado correctamente
2025-12-09 01:05:32,995 - INFO - Cargando modelo FLAN-T5-Small...
2025-12-09 01:05:39,189 - INFO - Modelo cargado correctamente en CPU.
2025-12-09 01:05:39,624 - INFO - 🚀 Backend TutorIA iniciado correctamente
2025-12-09 01:12:48,529 - INFO - Cargando modelo FLAN-T5-Small...
2025-12-09 01:12:52,996 - INFO - Modelo cargado correctamente en CPU.
2025-12-09 01:12:53,863 - INFO - 🚀 Backend TutorIA iniciado correctamente
2025-12-09 01:29:18,388 - INFO - Cargando modelo FLAN-T5-Small...
2025-12-09 01:29:25,575 - INFO - Modelo cargado correctamente en CPU.
2025-12-09 01:29:26,314 - INFO - 🚀 Backend TutorIA iniciado correctamente
2025-12-09 01:52:32,814 - INFO - Cargando modelo FLAN-T5-Small...
2025-12-09 01:52:44,249 - INFO - Modelo cargado correctamente en CPU.
2025-12-09 01:52:45,808 - INFO - 🚀 Backend TutorIA iniciado correctamente
2025-12-09 02:50:57,799 - INFO - Cargando modelo FLAN-T5-Small...
2025-12-09 02:51:02,612 - INFO - Modelo cargado correctamente en CPU.
2025-12-09 02:51:03,142 - INFO - 🚀 Backend TutorIA iniciado correctamente
2025-12-09 03:13:48,398 - INFO - Cargando modelo FLAN-T5-Small...
2025-12-09 03:13:56,036 - INFO - Modelo cargado correctamente en CPU.
2025-12-09 03:13:56,961 - INFO - 🚀 Backend TutorIA iniciado correctamente
2025-12-09 03:40:06,842 - INFO - Cargando modelo FLAN-T5-Small...
2025-12-09 03:40:40,588 - INFO - Modelo cargado correctamente en CPU.
2025-12-09 03:40:43,700 - INFO - 🚀 Backend TutorIA iniciado correctamente
2025-12-09 04:16:41,053 - INFO - Cargando modelo FLAN-T5-Small...
2025-12-09 04:16:44,327 - INFO - Modelo cargado correctamente en CPU.
2025-12-09 04:16:44,934 - INFO - 🚀 Backend TutorIA iniciado correctamente
2025-12-09 04:25:45,287 - INFO - Cargando modelo FLAN-T5-Small...
2025-12-09 04:27:09,445 - INFO - Modelo cargado correctamente en CPU.
2025-12-09 04:27:10,318 - INFO - 🚀 Backend TutorIA iniciado correctamente
2025-12-09 05:13:45,822 - INFO - Cargando modelo FLAN-T5-Small...
2025-12-09 05:13:49,098 - INFO - Modelo cargado correctamente en CPU.
2025-12-09 05:13:49,604 - INFO - 🚀 Backend TutorIA iniciado correctamente
2025-12-09 05:15:41,341 - INFO - Cargando modelo FLAN-T5-Small...
2025-12-09 05:15:45,758 - INFO - Modelo cargado correctamente en CPU.
2025-12-09 05:15:46,219 - INFO - 🚀 Backend TutorIA iniciado correctamente
2025-12-09 12:07:29,508 - INFO - Cargando modelo FLAN-T5-Small...
2025-12-09 12:07:34,268 - INFO - Modelo cargado correctamente en CPU.
2025-12-09 12:07:34,826 - INFO - 🚀 Backend TutorIA iniciado correctamente
2025-12-09 15:09:00,409 - INFO - Cargando modelo FLAN-T5-Small...
2025-12-09 15:09:33,248 - INFO - Modelo cargado correctamente en CPU.
2025-12-09 15:09:34,049 - INFO - 🚀 Backend TutorIA iniciado correctamente
2025-12-09 16:06:35,831 - INFO - Cargando modelo FLAN-T5-Small...
2025-12-09 16:06:44,368 - INFO - Modelo cargado correctamente en CPU.
2025-12-09 16:06:45,184 - INFO - 🚀 Backend TutorIA iniciado correctamente
2025-12-09 16:13:08,615 - INFO - Generando actividades IA para contenido_id=4
2025-12-09 16:14:08,162 - ERROR - ❌ Error procesando JSON generado: substring not found
2025-12-09 16:14:08,162 - ERROR - Texto recibido: A titulo es nicamente nicamente nicamente nicamente nicamente nicamente nicamente nicamente nicamente nicamente nicamente nicamente nicamente nicamente nicamente nicamente nicamente nicamente nicamente nicamente nicamente nicamente nicamente nicamente nicamente nicamente nicamente nicamente nicamente nicamente nicamente nicamente nicamente nicamente nicamente nicamente nicamente nicamente nicamente nicamente nicamente nicamente nicamente nicamente nicamente nicamente nicamente nicamente nicamente nicamente nicamente nicamente nicamente nicamente nicamente nicamente nicamente nicamente nicamente nicamente nicamente nicamente nicamente nicamente nicamente nicamente nicamente nicamente nicamente nicamente nicamente nicamente nicamente nicamente nicamente nicamente nicamente nicamente nicamente nicamente nicamente nicamente nicamente nicamente nicamente nicamente nicamente nicamente nicamente nicamente nicamente nicamente nicamente nicamente nicamente nicamente nicamente nicamente nicamente nicamente nicamente nicamente nicamente nicamente nicamente nicamente nicamente nicamente nicamente nicamente nicamente nicamente nicamente nicamente nicamente nicamente nicamente nicamente nicamente nicamente nicamente nicamente nicamente nicamente nicamente nicamente nicamente nicamente nicamente nicamente nicamente nicamente nicamente nicamente nicamente nicamente nicamente nicamente nicamente nicamente nicamente nicamente nicamente nicamente nicamente nicamente nicamente nicamente
2025-12-09 16:16:05,941 - INFO - Generando actividades IA para contenido_id=4
2025-12-09 16:16:44,044 - ERROR - ❌ Error procesando JSON generado: substring not found
2025-12-09 16:16:44,087 - ERROR - Texto recibido: A titulo es nicamente nicamente nicamente nicamente nicamente nicamente nicamente nicamente nicamente nicamente nicamente nicamente nicamente nicamente nicamente nicamente nicamente nicamente nicamente nicamente nicamente nicamente nicamente nicamente nicamente nicamente nicamente nicamente nicamente nicamente nicamente nicamente nicamente nicamente nicamente nicamente nicamente nicamente nicamente nicamente nicamente nicamente nicamente nicamente nicamente nicamente nicamente nicamente nicamente nicamente nicamente nicamente nicamente nicamente nicamente nicamente nicamente nicamente nicamente nicamente nicamente nicamente nicamente nicamente nicamente nicamente nicamente nicamente nicamente nicamente nicamente nicamente nicamente nicamente nicamente nicamente nicamente nicamente nicamente nicamente nicamente nicamente nicamente nicamente nicamente nicamente nicamente nicamente nicamente nicamente nicamente nicamente nicamente nicamente nicamente nicamente nicamente nicamente nicamente nicamente nicamente nicamente nicamente nicamente nicamente nicamente nicamente nicamente nicamente nicamente nicamente nicamente nicamente nicamente nicamente nicamente nicamente nicamente nicamente nicamente nicamente nicamente nicamente nicamente nicamente nicamente nicamente nicamente nicamente nicamente nicamente nicamente nicamente nicamente nicamente nicamente nicamente nicamente nicamente nicamente nicamente nicamente nicamente nicamente nicamente nicamente nicamente nicamente
2025-12-09 16:43:34,152 - INFO - Cargando modelo FLAN-T5-Small...
2025-12-10 13:28:16,686 - INFO - Cargando modelo FLAN-T5-Small...
2025-12-10 13:28:21,164 - INFO - Modelo cargado correctamente en CPU.
2025-12-10 13:28:21,514 - INFO - 🚀 Backend TutorIA iniciado correctamente
2025-12-10 14:28:48,383 - INFO - Cargando modelo FLAN-T5-Small...
2025-12-10 14:28:52,056 - INFO - Modelo cargado correctamente en CPU.
2025-12-10 14:28:52,458 - INFO - 🚀 Backend TutorIA iniciado correctamente
2025-12-10 14:56:04,780 - INFO - Cargando modelo FLAN-T5-Small...
2025-12-10 14:56:22,220 - INFO - Modelo cargado correctamente en CPU.
2025-12-11 00:20:06,124 - INFO - Cargando modelo FLAN-T5-Small...
2025-12-11 00:20:09,276 - INFO - Modelo cargado correctamente en CPU.
2025-12-11 00:25:33,012 - INFO - Cargando modelo FLAN-T5-Small...
2025-12-11 00:25:35,482 - INFO - Modelo cargado correctamente en CPU.
2025-12-11 00:28:38,238 - INFO - Cargando modelo FLAN-T5-Small...
2025-12-11 00:28:40,692 - INFO - Modelo cargado correctamente en CPU.
2025-12-11 00:34:08,107 - INFO - Cargando modelo FLAN-T5-Small...
2025-12-11 00:34:10,642 - INFO - Modelo cargado correctamente en CPU.
2025-12-11 00:42:08,768 - INFO - Cargando modelo FLAN-T5-Small...
2025-12-11 00:42:13,703 - INFO - Modelo cargado correctamente en CPU.
2025-12-11 00:45:06,409 - INFO - Cargando modelo FLAN-T5-Small...
2025-12-11 00:45:29,271 - INFO - Modelo cargado correctamente en CPU.
2025-12-11 00:48:34,255 - INFO - Cargando modelo FLAN-T5-Small...
2025-12-11 00:48:38,102 - INFO - Modelo cargado correctamente en CPU.
2025-12-11 01:07:21,669 - INFO - Cargando modelo FLAN-T5-Small...
2025-12-11 01:07:27,700 - INFO - Modelo cargado correctamente en CPU.
2025-12-11 01:14:04,332 - INFO - Cargando modelo FLAN-T5-Small...
2025-12-11 01:14:06,796 - INFO - Modelo cargado correctamente en CPU.
2025-12-11 01:14:07,223 - INFO - 🚀 Backend TutorIA iniciado correctamente
2025-12-11 01:36:32,248 - INFO - Cargando modelo FLAN-T5-Small...
2025-12-11 01:36:35,156 - INFO - Modelo cargado correctamente en CPU.
2025-12-11 01:36:35,749 - INFO - 🚀 Backend TutorIA iniciado correctamente
2025-12-11 01:42:36,604 - INFO - Cargando modelo FLAN-T5-Small...
2025-12-11 01:42:38,963 - INFO - Modelo cargado correctamente en CPU.
2025-12-11 01:42:39,451 - INFO - 🚀 Backend TutorIA iniciado correctamente
2025-12-11 03:21:35,254 - INFO - Cargando modelo FLAN-T5-Small...
2025-12-11 03:22:00,879 - INFO - Modelo cargado correctamente en CPU.
2025-12-11 03:22:14,655 - INFO - 🚀 Backend TutorIA iniciado correctamente
2025-12-11 14:51:04,290 - INFO - Cargando modelo FLAN-T5-Small...
2025-12-11 14:51:12,924 - INFO - Modelo cargado correctamente en CPU.
2025-12-11 14:51:13,852 - INFO - 🚀 Backend TutorIA iniciado correctamente
2025-12-11 15:20:36,309 - INFO - Cargando modelo FLAN-T5-Small...
2025-12-11 15:20:39,104 - INFO - Modelo cargado correctamente en CPU.
2025-12-11 15:20:39,940 - INFO - 🚀 Backend TutorIA iniciado correctamente
2025-12-11 15:56:54,253 - INFO - Cargando modelo FLAN-T5-Small...
2025-12-11 15:56:57,162 - INFO - Modelo cargado correctamente en CPU.
2025-12-11 16:08:20,903 - INFO - Cargando modelo FLAN-T5-Small...
2025-12-11 16:08:23,605 - INFO - Modelo cargado correctamente en CPU.
2025-12-11 16:08:28,197 - INFO - 🚀 Backend TutorIA iniciado correctamente
2025-12-11 16:20:29,533 - INFO - Cargando modelo FLAN-T5-Small...
2025-12-11 16:20:32,224 - INFO - Modelo cargado correctamente en CPU.
2025-12-11 16:20:32,615 - INFO - 🚀 Backend TutorIA iniciado correctamente
2025-12-11 16:35:10,065 - INFO - Cargando modelo FLAN-T5-Small...
2025-12-11 16:35:12,773 - INFO - Modelo cargado correctamente en CPU.
2025-12-11 16:35:13,243 - INFO - 🚀 Backend TutorIA iniciado correctamente
2025-12-11 17:13:02,947 - INFO - Cargando modelo FLAN-T5-Small...
2025-12-11 17:13:09,289 - INFO - Modelo cargado correctamente en CPU.
2025-12-11 17:13:10,314 - INFO - 🚀 Backend TutorIA iniciado correctamente
2025-12-11 17:19:47,808 - INFO - Cargando modelo FLAN-T5-Small...
2025-12-11 17:19:51,032 - INFO - Modelo cargado correctamente en CPU.
2025-12-11 17:19:54,097 - INFO - 🚀 Backend TutorIA iniciado correctamente
2025-12-11 17:24:05,194 - INFO - Cargando modelo FLAN-T5-Small...
2025-12-11 17:24:08,265 - INFO - Modelo cargado correctamente en CPU.
2025-12-11 17:24:18,632 - INFO - 🚀 Backend TutorIA iniciado correctamente
2025-12-11 17:35:26,977 - INFO - Cargando modelo FLAN-T5-Small...
2025-12-11 17:35:30,368 - INFO - Modelo cargado correctamente en CPU.
2025-12-11 17:35:35,176 - INFO - 🚀 Backend TutorIA iniciado correctamente
2025-12-11 18:36:50,761 - INFO - Cargando modelo FLAN-T5-Small...
2025-12-11 18:36:56,616 - INFO - Modelo cargado correctamente en CPU.
2025-12-11 18:36:57,737 - INFO - 🚀 Backend TutorIA iniciado correctamente
2025-12-11 19:38:34,431 - INFO - Cargando modelo FLAN-T5-Small...
2025-12-11 19:38:40,169 - INFO - Modelo cargado correctamente en CPU.
2025-12-11 19:38:40,926 - INFO - 🚀 Backend TutorIA iniciado correctamente
2025-12-11 19:42:32,070 - INFO - Cargando modelo FLAN-T5-Small...
2025-12-11 19:42:34,897 - INFO - Modelo cargado correctamente en CPU.
2025-12-11 19:42:38,336 - INFO - 🚀 Backend TutorIA iniciado correctamente
2025-12-11 20:35:40,028 - INFO - Cargando modelo FLAN-T5-Small...
2025-12-11 20:35:42,693 - INFO - Modelo cargado correctamente en CPU.
2025-12-11 20:35:43,310 - INFO - 🚀 Backend TutorIA iniciado correctamente
2025-12-11 23:56:41,322 - INFO - Cargando modelo FLAN-T5-Small...
2025-12-11 23:56:47,490 - INFO - Modelo cargado correctamente en CPU.
2025-12-11 23:56:48,640 - INFO - 🚀 Backend TutorIA iniciado correctamente
2025-12-12 01:50:14,592 - INFO - Cargando modelo FLAN-T5-Small...
2025-12-12 01:50:21,706 - INFO - Modelo cargado correctamente en CPU.
2025-12-12 01:50:22,523 - INFO - 🚀 Backend TutorIA iniciado correctamente
2025-12-12 02:44:06,266 - INFO - Cargando modelo FLAN-T5-Small...
2025-12-12 02:44:08,371 - INFO - Modelo cargado correctamente en CPU.
2025-12-12 02:44:08,748 - INFO - 🚀 Backend TutorIA iniciado correctamente
2025-12-12 02:52:38,878 - INFO - Cargando modelo FLAN-T5-Small...
2025-12-12 02:52:49,010 - INFO - Modelo cargado correctamente en CPU.
2025-12-12 02:52:49,821 - INFO - 🚀 Backend TutorIA iniciado correctamente
2025-12-12 03:08:53,639 - INFO - Cargando modelo FLAN-T5-Small...
2025-12-12 03:08:56,065 - INFO - Modelo cargado correctamente en CPU.
2025-12-12 03:08:56,731 - INFO - 🚀 Backend TutorIA iniciado correctamente
2025-12-12 05:26:09,131 - INFO - Cargando modelo FLAN-T5-Small...
2025-12-12 05:26:19,466 - INFO - Modelo cargado correctamente en CPU.
2025-12-12 05:26:20,315 - INFO - 🚀 Backend TutorIA iniciado correctamente
2025-12-12 06:28:23,868 - INFO - Cargando modelo FLAN-T5-Small...
2025-12-12 06:28:31,879 - INFO - Modelo cargado correctamente en CPU.
2025-12-12 06:28:34,223 - INFO - 🚀 Backend TutorIA iniciado correctamente
